16:53:23 >AERF285#<DE01
16:53:23 >285#80#4001#5100#1212121212#<1205
16:53:45 >AERF384#<DE01
16:53:45 >384#80#0001#0000#121212123A#<1905
16:54:30 >AERF431#180113#1654#<0D04
16:54:30 >431#80#0001#0000#121212123A#<1205
16:54:53 >AERF549#<E101
16:54:53 >549#80#0001#0000#1212121212#65536#0000#296#<C907
16:55:21 >AERF697#<E501
16:55:21 >697#80#0001#0000#1212121212#œ–»Ã-21 #1.2LPC22 01-08-04#105330    
 #xxxxxxxxxx#xxxxxxxxxxxx#0000025#0876729448#<251C
16:56:25 >AERF741#180113#1656#       ŒŒŒ "ÃÓÌÚ‡Ê —Â‚ËÒ"#          (812) 31
60001###<8813
16:56:25 >741#80#0001#0000#1212121212#<0505
16:56:59 >AERF894#9600#00#00# #01#00#<FC04
16:56:59 >894#80#0001#0000#1212121212#<0E05
16:23:44 >AERF294#9600#00#00# #01#00#<F604
16:23:44 >294#80#0001#0000#1212121252#<0C05
16:25:56 >AERF24C#0400#0000#0000#<8004
16:25:56 >24C#80#4009#1500#1212121252#<2805
16:26:10 >AERF331#060213#1626#01#<8604
16:26:10 >331#80#0001#0000#1212121252#<0405
16:26:18 >AERF64C#0400#0000#0000#<8404
16:26:18 >64C#80#0001#0000#1212121252#<1A05
16:26:29 >AERF741#060213#1626#      ŒŒŒ "ÃÓÌÚ‡Ê —Â‚ËÒ"#          (812) 316
0001###<6313
16:26:29 >741#80#0001#0000#1212121252#<0905
14:07:31 >AERF297#<E101
14:07:31 >297#88#0001#0000#1212121212#œ–»Ã-21 #1.2LPC22 01-08-04#103786    
 #0016035023#007838013811#0000124#1435621468#<3316
14:07:50 >AERF594#9600#00#00# #01#00#<F904
14:07:50 >594#88#0001#0000#1212121212#<1305
14:50:07 >AERF297#<E101
14:50:07 >297#88#0001#0000#1212121212#œ–»Ã-21 #1.2LPC22 01-08-04#103528    
 #0016035022#007838013811#0000124#1435275423#<2816
14:50:18 >AERF594#9600#00#00# #01#00#<F904
14:50:18 >594#88#0001#0000#1212121212#<1305
15:08:04 >AERF294#9600#00#00# #01#00#<F604
15:08:04 >294#88#0001#0000#1212121212#<1005
09:47:16 >AERF24D#<E901
09:47:16 >24D#88#0009#0000#1212121212#BF21#8100#0F00#<0108
09:48:37 >AERF54D#<EC01
09:48:37 >54D#88#0009#0000#1212121212#BF21#8100#0F00#<0408
09:49:19 >AERF64D#<ED01
09:49:19 >64D#88#0009#0000#1212121212#BF21#8100#0F00#<0508
09:50:13 >AERF74D#<EE01
09:50:13 >74D#88#0009#0000#1212121212#BF21#8100#0F00#<0608
09:51:04 >AERF84C#3F21#8000#0F00#<BC04
09:51:04 >84C#88#4009#1500#1212121212#<3205
09:52:28 >AERF24D#<E901
09:52:28 >24D#88#0009#0000#1212121212#BF21#8100#0F00#<0108
10:03:09 >AERF297#<E101
10:03:09 >297#88#0001#0000#1212121212#œ–»Ã-21 #1.2LPC22 01-08-04#103786    
 #0016035023#007838013811#0000124#1435621468#<3316
10:03:22 >AERF54D#<EC01
10:03:22 >54D#88#0001#0000#1212121212#BF21#8100#0F00#<FC07
10:03:56 >AERF64C#3F21#8000#0F00#<BA04
10:03:56 >64C#88#0001#0000#1212121212#<1E05
10:04:05 >AERF74D#<EE01
10:04:05 >74D#88#0001#0000#1212121212#3F21#8000#0F00#<EE07
10:04:44 >AERF894#9600#00#00# #01#00#<FC04
10:04:44 >894#88#0001#0000#1212121212#<1605
10:39:32 >AERF297#<E101
10:39:32 >297#88#0001#0000#1212121212#œ–»Ã-21 #1.2LPC22 01-08-04#103450    
 #0016035021#007838013811#0000124#1436986442#<2C16
10:39:42 >AERF54D#<EC01
10:39:42 >54D#88#0001#0000#1212121212#BF81#8100#0F00#<0208
10:40:08 >AERF64C#3F81#8100#0F00#<C104
10:40:08 >64C#88#0001#0000#1212121212#<1E05
10:40:31 >AERF74D#<EE01
10:40:31 >74D#88#0001#0000#1212121212#3F81#8100#0F00#<F507
10:40:54 >AERF84C#3F81#8000#0F00#<C204
10:40:54 >84C#88#0001#0000#1212121212#<2005
10:41:12 >AERF94D#<F001
10:41:12 >94D#88#0001#0000#1212121212#3F81#8000#0F00#<F607
10:41:27 >AERF194#9600#00#00# #01#00#<F504
10:41:27 >194#88#0001#0000#1212121212#<0F05
11:09:27 >AERF297#<E101
11:09:27 >297#88#0001#0000#1212121212#œ–»Ã-21 #1.2LPC22 01-08-04#103981    
 #0016035024#007838013811#0000124#1435220062#<2216
11:09:35 >AERF54D#<EC01
11:09:35 >54D#88#0001#0000#1212121212#BF81#8100#0F00#<0208
11:09:48 >AERF64C#3F81#8100#0F00#<C104
11:09:48 >64C#88#0001#0000#1212121212#<1E05
11:10:01 >AERF74C#3F81#8000#0F00#<C104
11:10:01 >74C#88#0001#0000#1212121212#<1F05
11:10:04 >AERF84D#<EF01
11:10:04 >84D#88#0001#0000#1212121212#3F81#8000#0F00#<F507
11:10:18 >AERF994#9600#00#00# #01#00#<FD04
11:10:18 >994#88#0001#0000#1212121212#<1705
11:25:10 >AERF297#<E101
11:25:10 >297#88#0001#0000#1212121212#œ–»Ã-21 #1.2LPC22 01-08-04#103982    
 #0016035025#007838013811#0000124#1241744574#<3216
11:25:35 >AERF54D#<EC01
11:25:35 >54D#88#0001#0000#1212121212#BF81#8100#0F00#<0208
11:25:59 >AERF64C#3F81#8000#0F00#<C004
11:25:59 >64C#88#0001#0000#1212121212#<1E05
11:26:04 >AERF74D#<EE01
11:26:04 >74D#88#0001#0000#1212121212#3F81#8000#0F00#<F407
11:26:19 >AERF894#9600#00#00# #01#00#<FC04
11:26:19 >894#88#0001#0000#1212121212#<1605
15:42:25 >AERF297#<E101
15:42:25 >297#88#0001#0000#1212121212#œ–»Ã-21 #1.2LPC22 01-08-04#102898    
 #0016035020#007838013811#0000124#1434698791#<3F16
15:42:56 >AERF54C#3F81#8000#0F00#<BF04
15:42:56 >54C#88#0001#0000#1212121212#<1D05
15:43:05 >AERF64D#<ED01
15:43:05 >64D#88#0001#0000#1212121212#3F81#8000#0F00#<F307
15:43:37 >AERF74C#3F81#8000#0F00#<C104
15:43:37 >74C#88#0001#0000#1212121212#<1F05
15:59:21 >AERF297#<E101
15:59:21 >297#88#0009#0000#1212121212#œ–»Ã-21 #1.2LPC22 01-08-04#103528    
 #0016035022#007838013811#0000124#1435275423#<3016
15:59:27 >AERF54D#<EC01
15:59:27 >54D#88#0009#0000#1212121212#BF21#8100#0F00#<0408
15:59:57 >AERF64C#3F21#8000#0F00#<BA04
15:59:57 >64C#88#4009#1500#1212121212#<3005
16:10:44 >AERF297#<E101
16:10:44 >297#88#0001#0000#1212121212#œ–»Ã-21 #1.2LPC22 01-08-04#103528    
 #0016035022#007838013811#0000124#1435275423#<2816
16:10:51 >AERF54D#<EC01
16:10:51 >54D#88#0001#0000#1212121212#BF21#8100#0F00#<FC07
16:11:13 >AERF64C#3F21#8000#0F00#<BA04
16:11:13 >64C#88#0001#0000#1212121212#<1E05
16:11:19 >AERF74D#<EE01
16:11:19 >74D#88#0001#0000#1212121212#3F21#8000#0F00#<EE07
13:51:15 >AERF294#9600#00#00# #00#00#<F504
13:51:15 >294#80#0001#0000#1212121212#<0805
13:51:23 >AERF394#9600#00#00# #01#00#<F704
13:51:23 >394#80#0001#0000#1212121212#<0905
13:51:37 >AERF497#<E301
13:51:44 >AERF597#<E401
13:51:44 >597#80#0001#0000#1212121212#œ–»Ã-21 #1.2LPC22 01-08-04#101708    
 #xxxxxxxxxx#xxxxxxxxxxxx#0000010#4290708661#<171C
15:24:44 >AERF294#9600#00#00# #01#00#<F604
15:24:44 >294#80#0009#0000#1212121212#<1005
15:25:26 >AERF34C#8421#8000#0F00#<AA04
15:25:26 >34C#80#4009#1500#1212121212#<2505
15:25:36 >AERF431#280813#1525#01#<8F04
15:25:36 >431#80#0001#0000#1212121212#<0105
15:26:02 >AERF74C#8421#8000#0F00#<AE04
15:26:02 >74C#80#0001#0000#1212121212#<1705
15:26:11 >AERF894#9600#00#00# #01#00#<FC04
15:26:11 >894#80#0001#0000#1212121212#<0E05
20:57:57 >AERF297#<E101
20:57:57 >297#80#0000#0000#1212121212#œ–»Ã-21 #1.2LPC22 01-08-04#108568    
 #xxxxxxxxxx#xxxxxxxxxxxx#0000124#1447347441#<201C
20:58:17 >AERF501#220115#2058#<0704
20:58:50 >AERF697#<E501
19:59:34 >AERF294#9600#00#00# #01#00#<F604
19:59:34 >294#80#0000#0000#1212121252#<0B05
19:59:46 >AERF343#<D901
19:59:46 >343#80#4000#0700#1212121252#<1105
20:00:04 >AERF44C#8021#8000#0F00#<A704
20:00:04 >44C#80#4000#0700#1212121252#<2205
20:00:47 >Á‡ÔÓÒ ÚÂÍÛ˘Â„Ó ÒÚ‡ÚÛÒ‡ 
20:00:48 >AERF44C#8021#8000#0F00#<A704
20:00:48 >44C#80#4000#0700#1212121252#<2205
20:00:50 [76 12 12 12 12 52 ]
20:01:05 >AERF501#220615#2001#<0004
20:01:05 >501#80#0001#0000#1212121252#<0305
20:01:33 >AERF84C#8021#8000#0F00#<AB04
20:01:33 >84C#80#0001#0000#1212121252#<1C05
20:01:41 >Á‡ÔÓÒ ÚÂÍÛ˘Â„Ó ÒÚ‡ÚÛÒ‡ 
20:01:41 >AERF84C#8021#8000#0F00#<AB04
20:01:41 >84C#80#0001#0000#1212121252#<1C05
20:01:41 [7E 12 12 12 12 52 ]
20:40:48 >AERF294#9600#00#00# #01#00#<F604
20:40:48 >294#80#0000#0000#1A52161212#<1E05
20:31:26 >AERF294#9600#00#00# #01#00#<F604
20:31:26 >294#88#0009#0000#1212121212#<1805
20:31:35 >AERF397#<E201
20:31:35 >397#88#0009#0000#1212121212#œ–»Ã-21 #1.2LPC22 01-08-04#107344    
 #0000030060#007728551528#0000124#1994842197#<4316
20:31:55 >AERF630#030815#2031#<0704
20:31:55 >630#88#0009#0000#121212123A#<2305
20:32:32 >AERF74C#8421#8000#0F00#<AE04
20:32:32 >74C#88#4009#1500#1212121212#<3105
